   Strain (γ)  Stress (σ)
0    0.000000    1.000000
1    0.010001    1.398115
2    0.020002    1.457314
3    0.030003    1.495944
4    0.040004    1.525316
5    0.050005    1.549291
6    0.060006    1.569690
7    0.070007    1.587528
8    0.080008    1.603430
9    0.090009    1.617813
    Strain   Stress
0  0.00000  0.00000
1  0.00002  0.00001
2  0.00004  0.00002
3  0.00006  0.00003
4  0.00008  0.00004
5  0.00010  0.00005
6  0.00012  0.00006
7  0.00014  0.00007
8  0.00016  0.00008
9  0.00018  0.00009
     Time    Strain    Stress
0  0.0000  0.000000  0.000000
1  0.0002  0.000063  0.000031
2  0.0004  0.000126  0.000063
3  0.0006  0.000189  0.000094
4  0.0008  0.000251  0.000125
5  0.0010  0.000314  0.000157
6  0.0012  0.000377  0.000188
7  0.0014  0.000440  0.000219
8  0.0016  0.000503  0.000250
9  0.0018  0.000566  0.000282
   Strain (γ)  Stress (σ)
0    0.000000    1.000000
1    0.010001    1.398115
2    0.020002    1.457314
3    0.030003    1.495944
4    0.040004    1.525316
5    0.050005    1.549291
6    0.060006    1.569690
7    0.070007    1.587528
8    0.080008    1.603430
9    0.090009    1.617813
    Strain   Stress
0  0.00000  0.00000
1  0.00002  0.00001
2  0.00004  0.00002
3  0.00006  0.00003
4  0.00008  0.00004
5  0.00010  0.00005
6  0.00012  0.00006
7  0.00014  0.00007
8  0.00016  0.00008
9  0.00018  0.00009
     Time    Strain    Stress
0  0.0000  0.000000  0.000000
1  0.0002  0.000063  0.000031
2  0.0004  0.000126  0.000063
3  0.0006  0.000189  0.000094
4  0.0008  0.000251  0.000125
5  0.0010  0.000314  0.000157
6  0.0012  0.000377  0.000188
7  0.0014  0.000440  0.000219
8  0.0016  0.000503  0.000250
9  0.0018  0.000566  0.000282
